<?xml version="1.0" encoding="UTF-8"?>
<!-- Generated by org.testng.reporters.JUnitXMLReporter -->
<testsuite ignored="0" hostname="MSI" failures="1" tests="1" name="Default test(failed)" time="5.431" errors="0" timestamp="2025-09-17T16:41:16 IST">
  <testcase classname="tests.LoginTest" name="testValidationLogin" time="3.691">
    <failure type="java.lang.AssertionError" message="expected [Dashboard] but found [Dashboard / nopCommerce administration]">
      <![CDATA[java.lang.AssertionError: expected [Dashboard] but found [Dashboard / nopCommerce administration]
at tests.LoginTest.testValidationLogin(LoginTest.java:22)
at java.base/java.util.ArrayList.forEach(ArrayList.java:1596)
... Removed 31 stack frames]]>
    </failure>
  </testcase> <!-- testValidationLogin -->
</testsuite> <!-- Default test(failed) -->
