<?xml version="1.0" encoding="UTF-8"?>
<testng-results ignored="0" total="1" passed="1" failed="0" skipped="0">
  <reporter-output>
  </reporter-output>
  <suite started-at="2025-10-06T17:38:05 IST" name="Surefire suite" finished-at="2025-10-06T17:38:17 IST" duration-ms="11308">
    <groups>
    </groups>
    <test started-at="2025-10-06T17:38:05 IST" name="Surefire test" finished-at="2025-10-06T17:38:17 IST" duration-ms="11308">
      <class name="tests.LoginTest">
        <test-method is-config="true" signature="setupReport()[pri:0, instance:tests.LoginTest@78b66d36]" started-at="2025-10-06T17:38:04 IST" name="setupReport" finished-at="2025-10-06T17:38:05 IST" duration-ms="905" status="PASS">
          <reporter-output>
          </reporter-output>
        </test-method> <!-- setupReport -->
        <test-method is-config="true" signature="setUp()[pri:0, instance:tests.LoginTest@78b66d36]" started-at="2025-10-06T17:38:05 IST" name="setUp" finished-at="2025-10-06T17:38:12 IST" duration-ms="7005" status="PASS">
          <reporter-output>
          </reporter-output>
        </test-method> <!-- setUp -->
        <test-method signature="testValidLogin()[pri:0, instance:tests.LoginTest@78b66d36]" started-at="2025-10-06T17:38:12 IST" name="testValidLogin" finished-at="2025-10-06T17:38:16 IST" duration-ms="3930" status="PASS">
          <reporter-output>
          </reporter-output>
        </test-method> <!-- testValidLogin -->
        <test-method is-config="true" signature="tearDown(org.testng.ITestResult)[pri:0, instance:tests.LoginTest@78b66d36]" started-at="2025-10-06T17:38:16 IST" name="tearDown" finished-at="2025-10-06T17:38:17 IST" duration-ms="319" status="PASS">
          <params>
            <param index="0">
              <value>
                <![CDATA[[TestResult name=testValidLogin status=SUCCESS method=LoginTest.testValidLogin()[pri:0, instance:tests.LoginTest@78b66d36] output={null}]]]>
              </value>
            </param>
          </params>
          <reporter-output>
          </reporter-output>
        </test-method> <!-- tearDown -->
        <test-method is-config="true" signature="tearDownReport()[pri:0, instance:tests.LoginTest@78b66d36]" started-at="2025-10-06T17:38:17 IST" name="tearDownReport" finished-at="2025-10-06T17:38:17 IST" duration-ms="595" status="PASS">
          <reporter-output>
          </reporter-output>
        </test-method> <!-- tearDownReport -->
      </class> <!-- tests.LoginTest -->
    </test> <!-- Surefire test -->
  </suite> <!-- Surefire suite -->
</testng-results>
