<?xml version="1.0" encoding="UTF-8"?>
<testsuite xmlns:xsi="http://www.w3.org/2001/XMLSchema-instance" xsi:noNamespaceSchemaLocation="https://maven.apache.org/surefire/maven-surefire-plugin/xsd/surefire-test-report-3.0.xsd" version="3.0" name="tests.LoginTest" time="14.669" tests="1" errors="0" skipped="0" failures="0">
  <properties>
[...]
</properties>
  <testcase name="testValidLogin" classname="tests.LoginTest" time="3.929">
    <system-out><![CDATA[2025-10-06T12:08:07.345705900Z main INFO Starting configuration XmlConfiguration[location=C:\eclipse\projects\selenium-automation\target\classes\log4j2.xml, lastModified=2025-09-18T09:35:52.054Z]...
2025-10-06T12:08:07.356741200Z main INFO Start watching for changes to C:\eclipse\projects\selenium-automation\target\classes\log4j2.xml every 0 seconds
2025-10-06T12:08:07.359653700Z main INFO Configuration XmlConfiguration[location=C:\eclipse\projects\selenium-automation\target\classes\log4j2.xml, lastModified=2025-09-18T09:35:52.054Z] started.
2025-10-06T12:08:07.375647Z main INFO Stopping configuration org.apache.logging.log4j.core.config.DefaultConfiguration@7862f56...
2025-10-06T12:08:07.382430800Z main INFO Configuration org.apache.logging.log4j.core.config.DefaultConfiguration@7862f56 stopped.
2025-10-06 17:38:07 [main] INFO  Log - Starting Webdriver....
2025-10-06 17:38:12 [main] INFO  Log - 
2025-10-06 17:38:12 [main] INFO  Log - Starting login test...
2025-10-06 17:38:12 [main] INFO  Log - Adding credentials
2025-10-06 17:38:13 [main] INFO  Log - Clicking login button.
Title of the page is : Dashboard / nopCommerce administration
2025-10-06 17:38:16 [main] INFO  Log - Verifying page title
]]></system-out>
    <system-err><![CDATA[SLF4J: Failed to load class "org.slf4j.impl.StaticLoggerBinder".
SLF4J: Defaulting to no-operation (NOP) logger implementation
SLF4J: See http://www.slf4j.org/codes.html#StaticLoggerBinder for further details.
Oct 06, 2025 5:38:12 PM org.openqa.selenium.devtools.CdpVersionFinder findNearestMatch
WARNING: Unable to find CDP implementation matching 141
Oct 06, 2025 5:38:12 PM org.openqa.selenium.chromium.ChromiumDriver lambda$new$4
WARNING: Unable to find version of CDP to use for 141.0.7390.54. You may need to include a dependency on a specific version of the CDP using something similar to `org.seleniumhq.selenium:selenium-devtools-v86:4.28.1` where the version ("v86") matches the version of the chromium-based browser you're using and the version number of the artifact is the same as Selenium's.
]]></system-err>
  </testcase>
</testsuite>