<?xml version="1.0" encoding="UTF-8"?>
<testng-results ignored="0" total="1" passed="1" failed="0" skipped="0">
  <reporter-output>
  </reporter-output>
  <suite started-at="2025-10-06T16:08:39 IST" name="Default suite" finished-at="2025-10-06T16:08:44 IST" duration-ms="5561">
    <groups>
    </groups>
    <test started-at="2025-10-06T16:08:39 IST" name="Default test" finished-at="2025-10-06T16:08:44 IST" duration-ms="5561">
      <class name="tests.LoginTest">
        <test-method is-config="true" signature="setupReport()[pri:0, instance:tests.LoginTest@385c9627]" started-at="2025-10-06T16:08:38 IST" name="setupReport" finished-at="2025-10-06T16:08:39 IST" duration-ms="171" status="PASS">
          <reporter-output>
          </reporter-output>
        </test-method> <!-- setupReport -->
        <test-method is-config="true" signature="setUp()[pri:0, instance:tests.LoginTest@385c9627]" started-at="2025-10-06T16:08:39 IST" name="setUp" finished-at="2025-10-06T16:08:41 IST" duration-ms="2096" status="PASS">
          <reporter-output>
          </reporter-output>
        </test-method> <!-- setUp -->
        <test-method signature="testValidLogin()[pri:0, instance:tests.LoginTest@385c9627]" started-at="2025-10-06T16:08:41 IST" name="testValidLogin" finished-at="2025-10-06T16:08:44 IST" duration-ms="3193" status="PASS">
          <reporter-output>
          </reporter-output>
        </test-method> <!-- testValidLogin -->
        <test-method is-config="true" signature="tearDown(org.testng.ITestResult)[pri:0, instance:tests.LoginTest@385c9627]" started-at="2025-10-06T16:08:44 IST" name="tearDown" finished-at="2025-10-06T16:08:44 IST" duration-ms="237" status="PASS">
          <params>
            <param index="0">
              <value>
                <![CDATA[[TestResult name=testValidLogin status=SUCCESS method=LoginTest.testValidLogin()[pri:0, instance:tests.LoginTest@385c9627] output={null}]]]>
              </value>
            </param>
          </params>
          <reporter-output>
          </reporter-output>
        </test-method> <!-- tearDown -->
        <test-method is-config="true" signature="tearDownReport()[pri:0, instance:tests.LoginTest@385c9627]" started-at="2025-10-06T16:08:44 IST" name="tearDownReport" finished-at="2025-10-06T16:08:44 IST" duration-ms="180" status="PASS">
          <reporter-output>
          </reporter-output>
        </test-method> <!-- tearDownReport -->
      </class> <!-- tests.LoginTest -->
    </test> <!-- Default test -->
  </suite> <!-- Default suite -->
</testng-results>
